  Passenger.cpp
  w4_in_lab.cpp
e:\school\oop\oop-workshops-master\ws04\in-lab\w4_in_lab.cpp(15): error C2248: 'sict::Passenger::Passenger': cannot access private member declared in class 'sict::Passenger'
  e:\school\oop\oop-workshops-master\ws04\in-lab\passenger.h(17): note: see declaration of 'sict::Passenger::Passenger'
  e:\school\oop\oop-workshops-master\ws04\in-lab\passenger.h(12): note: see declaration of 'sict::Passenger'
e:\school\oop\oop-workshops-master\ws04\in-lab\w4_in_lab.cpp(16): error C2248: 'sict::Passenger::Passenger': cannot access private member declared in class 'sict::Passenger'
  e:\school\oop\oop-workshops-master\ws04\in-lab\passenger.h(17): note: see declaration of 'sict::Passenger::Passenger'
  e:\school\oop\oop-workshops-master\ws04\in-lab\passenger.h(12): note: see declaration of 'sict::Passenger'
e:\school\oop\oop-workshops-master\ws04\in-lab\w4_in_lab.cpp(17): error C2248: 'sict::Passenger::Passenger': cannot access private member declared in class 'sict::Passenger'
  e:\school\oop\oop-workshops-master\ws04\in-lab\passenger.h(17): note: see declaration of 'sict::Passenger::Passenger'
  e:\school\oop\oop-workshops-master\ws04\in-lab\passenger.h(12): note: see declaration of 'sict::Passenger'
e:\school\oop\oop-workshops-master\ws04\in-lab\w4_in_lab.cpp(18): error C2248: 'sict::Passenger::Passenger': cannot access private member declared in class 'sict::Passenger'
  e:\school\oop\oop-workshops-master\ws04\in-lab\passenger.h(17): note: see declaration of 'sict::Passenger::Passenger'
  e:\school\oop\oop-workshops-master\ws04\in-lab\passenger.h(12): note: see declaration of 'sict::Passenger'
e:\school\oop\oop-workshops-master\ws04\in-lab\w4_in_lab.cpp(19): error C2248: 'sict::Passenger::Passenger': cannot access private member declared in class 'sict::Passenger'
  e:\school\oop\oop-workshops-master\ws04\in-lab\passenger.h(17): note: see declaration of 'sict::Passenger::Passenger'
  e:\school\oop\oop-workshops-master\ws04\in-lab\passenger.h(12): note: see declaration of 'sict::Passenger'
e:\school\oop\oop-workshops-master\ws04\in-lab\w4_in_lab.cpp(20): error C2248: 'sict::Passenger::Passenger': cannot access private member declared in class 'sict::Passenger'
  e:\school\oop\oop-workshops-master\ws04\in-lab\passenger.h(17): note: see declaration of 'sict::Passenger::Passenger'
  e:\school\oop\oop-workshops-master\ws04\in-lab\passenger.h(12): note: see declaration of 'sict::Passenger'
e:\school\oop\oop-workshops-master\ws04\in-lab\w4_in_lab.cpp(21): error C2248: 'sict::Passenger::Passenger': cannot access private member declared in class 'sict::Passenger'
  e:\school\oop\oop-workshops-master\ws04\in-lab\passenger.h(16): note: see declaration of 'sict::Passenger::Passenger'
  e:\school\oop\oop-workshops-master\ws04\in-lab\passenger.h(12): note: see declaration of 'sict::Passenger'
e:\school\oop\oop-workshops-master\ws04\in-lab\w4_in_lab.cpp(29): error C2248: 'sict::Passenger::isEmpty': cannot access private member declared in class 'sict::Passenger'
  e:\school\oop\oop-workshops-master\ws04\in-lab\passenger.h(18): note: see declaration of 'sict::Passenger::isEmpty'
  e:\school\oop\oop-workshops-master\ws04\in-lab\passenger.h(12): note: see declaration of 'sict::Passenger'
e:\school\oop\oop-workshops-master\ws04\in-lab\w4_in_lab.cpp(33): error C2248: 'sict::Passenger::Passenger': cannot access private member declared in class 'sict::Passenger'
  e:\school\oop\oop-workshops-master\ws04\in-lab\passenger.h(17): note: see declaration of 'sict::Passenger::Passenger'
  e:\school\oop\oop-workshops-master\ws04\in-lab\passenger.h(12): note: see declaration of 'sict::Passenger'
e:\school\oop\oop-workshops-master\ws04\in-lab\w4_in_lab.cpp(34): error C2248: 'sict::Passenger::Passenger': cannot access private member declared in class 'sict::Passenger'
  e:\school\oop\oop-workshops-master\ws04\in-lab\passenger.h(17): note: see declaration of 'sict::Passenger::Passenger'
  e:\school\oop\oop-workshops-master\ws04\in-lab\passenger.h(12): note: see declaration of 'sict::Passenger'
e:\school\oop\oop-workshops-master\ws04\in-lab\w4_in_lab.cpp(35): error C2248: 'sict::Passenger::Passenger': cannot access private member declared in class 'sict::Passenger'
  e:\school\oop\oop-workshops-master\ws04\in-lab\passenger.h(17): note: see declaration of 'sict::Passenger::Passenger'
  e:\school\oop\oop-workshops-master\ws04\in-lab\passenger.h(12): note: see declaration of 'sict::Passenger'
e:\school\oop\oop-workshops-master\ws04\in-lab\w4_in_lab.cpp(40): error C2248: 'sict::Passenger::display': cannot access private member declared in class 'sict::Passenger'
  e:\school\oop\oop-workshops-master\ws04\in-lab\passenger.h(19): note: see declaration of 'sict::Passenger::display'
  e:\school\oop\oop-workshops-master\ws04\in-lab\passenger.h(12): note: see declaration of 'sict::Passenger'
e:\school\oop\oop-workshops-master\ws04\in-lab\w4_in_lab.cpp(41): error C2248: 'sict::Passenger::display': cannot access private member declared in class 'sict::Passenger'
  e:\school\oop\oop-workshops-master\ws04\in-lab\passenger.h(19): note: see declaration of 'sict::Passenger::display'
  e:\school\oop\oop-workshops-master\ws04\in-lab\passenger.h(12): note: see declaration of 'sict::Passenger'
e:\school\oop\oop-workshops-master\ws04\in-lab\w4_in_lab.cpp(42): error C2248: 'sict::Passenger::display': cannot access private member declared in class 'sict::Passenger'
  e:\school\oop\oop-workshops-master\ws04\in-lab\passenger.h(19): note: see declaration of 'sict::Passenger::display'
  e:\school\oop\oop-workshops-master\ws04\in-lab\passenger.h(12): note: see declaration of 'sict::Passenger'
e:\school\oop\oop-workshops-master\ws04\in-lab\w4_in_lab.cpp(43): error C2248: 'sict::Passenger::display': cannot access private member declared in class 'sict::Passenger'
  e:\school\oop\oop-workshops-master\ws04\in-lab\passenger.h(19): note: see declaration of 'sict::Passenger::display'
  e:\school\oop\oop-workshops-master\ws04\in-lab\passenger.h(12): note: see declaration of 'sict::Passenger'
  Generating Code...
